1739903459.581405 client started (5574): version 3.4, socket /tmp/tmux-1000/default, protocol 8
1739903459.581424 on Linux 5.15.167.4-microsoft-standard-WSL2 #1 SMP Tue Nov 5 00:21:55 UTC 2024
1739903459.581427 using libevent 2.1.12-stable poll
1739903459.581429 using ncurses 6.4 20240113
1739903459.581438 flags are 0x18010000
1739903459.581446 socket is /tmp/tmux-1000/default
1739903459.581453 trying connect
1739903459.581461 connect failed: No such file or directory
1739903459.581467 lock file is /tmp/tmux-1000/default.lock
1739903459.581513 flock succeeded
1739903459.581516 got lock (6)
1739903459.581518 trying connect
1739903459.581523 connect failed: No such file or directory
1739903459.581764 add peer 0x55e375a9bb20: 7 ((nil))
1739903459.582261 sending message 100 to peer 0x55e375a9bb20 (4 bytes)
1739903459.582267 sending message 111 to peer 0x55e375a9bb20 (8 bytes)
1739903459.582270 sending message 101 to peer 0x55e375a9bb20 (15 bytes)
1739903459.582273 sending message 109 to peer 0x55e375a9bb20 (4 bytes)
1739903459.582276 sending message 102 to peer 0x55e375a9bb20 (11 bytes)
1739903459.582278 sending message 108 to peer 0x55e375a9bb20 (36 bytes)
1739903459.582281 sending message 112 to peer 0x55e375a9bb20 (58 bytes)
1739903459.582283 sending message 112 to peer 0x55e375a9bb20 (5 bytes)
1739903459.582286 sending message 112 to peer 0x55e375a9bb20 (5 bytes)
1739903459.582288 sending message 112 to peer 0x55e375a9bb20 (6 bytes)
1739903459.582291 sending message 112 to peer 0x55e375a9bb20 (6 bytes)
1739903459.582293 sending message 112 to peer 0x55e375a9bb20 (11 bytes)
1739903459.582296 sending message 112 to peer 0x55e375a9bb20 (10 bytes)
1739903459.582298 sending message 112 to peer 0x55e375a9bb20 (13 bytes)
1739903459.582300 sending message 112 to peer 0x55e375a9bb20 (14 bytes)
1739903459.582303 sending message 112 to peer 0x55e375a9bb20 (19 bytes)
1739903459.582305 sending message 112 to peer 0x55e375a9bb20 (11 bytes)
1739903459.582307 sending message 112 to peer 0x55e375a9bb20 (10 bytes)
1739903459.582310 sending message 112 to peer 0x55e375a9bb20 (15 bytes)
1739903459.582312 sending message 112 to peer 0x55e375a9bb20 (21 bytes)
1739903459.582315 sending message 112 to peer 0x55e375a9bb20 (13 bytes)
1739903459.582317 sending message 112 to peer 0x55e375a9bb20 (7 bytes)
1739903459.582319 sending message 112 to peer 0x55e375a9bb20 (13 bytes)
1739903459.582322 sending message 112 to peer 0x55e375a9bb20 (7 bytes)
1739903459.582324 sending message 112 to peer 0x55e375a9bb20 (13 bytes)
1739903459.582327 sending message 112 to peer 0x55e375a9bb20 (9 bytes)
1739903459.582329 sending message 112 to peer 0x55e375a9bb20 (21 bytes)
1739903459.582331 sending message 112 to peer 0x55e375a9bb20 (13 bytes)
1739903459.582334 sending message 112 to peer 0x55e375a9bb20 (9 bytes)
1739903459.582336 sending message 112 to peer 0x55e375a9bb20 (16 bytes)
1739903459.582339 sending message 112 to peer 0x55e375a9bb20 (13 bytes)
1739903459.582341 sending message 112 to peer 0x55e375a9bb20 (9 bytes)
1739903459.582343 sending message 112 to peer 0x55e375a9bb20 (9 bytes)
1739903459.582346 sending message 112 to peer 0x55e375a9bb20 (12 bytes)
1739903459.582348 sending message 112 to peer 0x55e375a9bb20 (8 bytes)
1739903459.582351 sending message 112 to peer 0x55e375a9bb20 (8 bytes)
1739903459.582353 sending message 112 to peer 0x55e375a9bb20 (13 bytes)
1739903459.582356 sending message 112 to peer 0x55e375a9bb20 (7 bytes)
1739903459.582358 sending message 112 to peer 0x55e375a9bb20 (7 bytes)
1739903459.582361 sending message 112 to peer 0x55e375a9bb20 (9 bytes)
1739903459.582363 sending message 112 to peer 0x55e375a9bb20 (9 bytes)
1739903459.582365 sending message 112 to peer 0x55e375a9bb20 (15 bytes)
1739903459.582368 sending message 112 to peer 0x55e375a9bb20 (13 bytes)
1739903459.582370 sending message 112 to peer 0x55e375a9bb20 (12 bytes)
1739903459.582373 sending message 112 to peer 0x55e375a9bb20 (8 bytes)
1739903459.582375 sending message 112 to peer 0x55e375a9bb20 (14 bytes)
1739903459.582378 sending message 112 to peer 0x55e375a9bb20 (11 bytes)
1739903459.582384 sending message 112 to peer 0x55e375a9bb20 (9 bytes)
1739903459.582386 sending message 112 to peer 0x55e375a9bb20 (10 bytes)
1739903459.582389 sending message 112 to peer 0x55e375a9bb20 (10 bytes)
1739903459.582391 sending message 112 to peer 0x55e375a9bb20 (10 bytes)
1739903459.582394 sending message 112 to peer 0x55e375a9bb20 (10 bytes)
1739903459.582396 sending message 112 to peer 0x55e375a9bb20 (11 bytes)
1739903459.582399 sending message 112 to peer 0x55e375a9bb20 (12 bytes)
1739903459.582401 sending message 112 to peer 0x55e375a9bb20 (12 bytes)
1739903459.582404 sending message 112 to peer 0x55e375a9bb20 (12 bytes)
1739903459.582406 sending message 112 to peer 0x55e375a9bb20 (12 bytes)
1739903459.582409 sending message 112 to peer 0x55e375a9bb20 (12 bytes)
1739903459.582412 sending message 112 to peer 0x55e375a9bb20 (11 bytes)
1739903459.582414 sending message 112 to peer 0x55e375a9bb20 (11 bytes)
1739903459.582417 sending message 112 to peer 0x55e375a9bb20 (12 bytes)
1739903459.582419 sending message 112 to peer 0x55e375a9bb20 (12 bytes)
1739903459.582422 sending message 112 to peer 0x55e375a9bb20 (12 bytes)
1739903459.582424 sending message 112 to peer 0x55e375a9bb20 (12 bytes)
1739903459.582427 sending message 112 to peer 0x55e375a9bb20 (12 bytes)
1739903459.582429 sending message 112 to peer 0x55e375a9bb20 (9 bytes)
1739903459.582432 sending message 112 to peer 0x55e375a9bb20 (12 bytes)
1739903459.582434 sending message 112 to peer 0x55e375a9bb20 (13 bytes)
1739903459.582437 sending message 112 to peer 0x55e375a9bb20 (13 bytes)
1739903459.582439 sending message 112 to peer 0x55e375a9bb20 (13 bytes)
1739903459.582442 sending message 112 to peer 0x55e375a9bb20 (13 bytes)
1739903459.582444 sending message 112 to peer 0x55e375a9bb20 (13 bytes)
1739903459.582447 sending message 112 to peer 0x55e375a9bb20 (8 bytes)
1739903459.582449 sending message 112 to peer 0x55e375a9bb20 (11 bytes)
1739903459.582452 sending message 112 to peer 0x55e375a9bb20 (11 bytes)
1739903459.582454 sending message 112 to peer 0x55e375a9bb20 (11 bytes)
1739903459.582457 sending message 112 to peer 0x55e375a9bb20 (12 bytes)
1739903459.582459 sending message 112 to peer 0x55e375a9bb20 (12 bytes)
1739903459.582462 sending message 112 to peer 0x55e375a9bb20 (12 bytes)
1739903459.582464 sending message 112 to peer 0x55e375a9bb20 (12 bytes)
1739903459.582467 sending message 112 to peer 0x55e375a9bb20 (13 bytes)
1739903459.582469 sending message 112 to peer 0x55e375a9bb20 (13 bytes)
1739903459.582472 sending message 112 to peer 0x55e375a9bb20 (13 bytes)
1739903459.582474 sending message 112 to peer 0x55e375a9bb20 (8 bytes)
1739903459.582477 sending message 112 to peer 0x55e375a9bb20 (13 bytes)
1739903459.582479 sending message 112 to peer 0x55e375a9bb20 (13 bytes)
1739903459.582482 sending message 112 to peer 0x55e375a9bb20 (13 bytes)
1739903459.582484 sending message 112 to peer 0x55e375a9bb20 (13 bytes)
1739903459.582487 sending message 112 to peer 0x55e375a9bb20 (13 bytes)
1739903459.582489 sending message 112 to peer 0x55e375a9bb20 (12 bytes)
1739903459.582492 sending message 112 to peer 0x55e375a9bb20 (12 bytes)
1739903459.582494 sending message 112 to peer 0x55e375a9bb20 (12 bytes)
1739903459.582497 sending message 112 to peer 0x55e375a9bb20 (12 bytes)
1739903459.582499 sending message 112 to peer 0x55e375a9bb20 (13 bytes)
1739903459.582502 sending message 112 to peer 0x55e375a9bb20 (8 bytes)
1739903459.582504 sending message 112 to peer 0x55e375a9bb20 (13 bytes)
1739903459.582507 sending message 112 to peer 0x55e375a9bb20 (13 bytes)
1739903459.582509 sending message 112 to peer 0x55e375a9bb20 (13 bytes)
1739903459.582511 sending message 112 to peer 0x55e375a9bb20 (13 bytes)
1739903459.582514 sending message 112 to peer 0x55e375a9bb20 (13 bytes)
1739903459.582516 sending message 112 to peer 0x55e375a9bb20 (13 bytes)
1739903459.582519 sending message 112 to peer 0x55e375a9bb20 (13 bytes)
1739903459.582521 sending message 112 to peer 0x55e375a9bb20 (12 bytes)
1739903459.582524 sending message 112 to peer 0x55e375a9bb20 (12 bytes)
1739903459.582528 sending message 112 to peer 0x55e375a9bb20 (12 bytes)
1739903459.582531 sending message 112 to peer 0x55e375a9bb20 (8 bytes)
1739903459.582533 sending message 112 to peer 0x55e375a9bb20 (12 bytes)
1739903459.582536 sending message 112 to peer 0x55e375a9bb20 (13 bytes)
1739903459.582538 sending message 112 to peer 0x55e375a9bb20 (13 bytes)
1739903459.582541 sending message 112 to peer 0x55e375a9bb20 (13 bytes)
1739903459.582543 sending message 112 to peer 0x55e375a9bb20 (13 bytes)
1739903459.582545 sending message 112 to peer 0x55e375a9bb20 (13 bytes)
1739903459.582548 sending message 112 to peer 0x55e375a9bb20 (13 bytes)
1739903459.582550 sending message 112 to peer 0x55e375a9bb20 (13 bytes)
1739903459.582553 sending message 112 to peer 0x55e375a9bb20 (13 bytes)
1739903459.582555 sending message 112 to peer 0x55e375a9bb20 (12 bytes)
1739903459.582558 sending message 112 to peer 0x55e375a9bb20 (10 bytes)
1739903459.582560 sending message 112 to peer 0x55e375a9bb20 (12 bytes)
1739903459.582563 sending message 112 to peer 0x55e375a9bb20 (12 bytes)
1739903459.582565 sending message 112 to peer 0x55e375a9bb20 (12 bytes)
1739903459.582583 sending message 112 to peer 0x55e375a9bb20 (13 bytes)
1739903459.582586 sending message 112 to peer 0x55e375a9bb20 (13 bytes)
1739903459.582589 sending message 112 to peer 0x55e375a9bb20 (13 bytes)
1739903459.582592 sending message 112 to peer 0x55e375a9bb20 (13 bytes)
1739903459.582594 sending message 112 to peer 0x55e375a9bb20 (13 bytes)
1739903459.582597 sending message 112 to peer 0x55e375a9bb20 (13 bytes)
1739903459.582599 sending message 112 to peer 0x55e375a9bb20 (13 bytes)
1739903459.582602 sending message 112 to peer 0x55e375a9bb20 (10 bytes)
1739903459.582604 sending message 112 to peer 0x55e375a9bb20 (13 bytes)
1739903459.582607 sending message 112 to peer 0x55e375a9bb20 (12 bytes)
1739903459.582609 sending message 112 to peer 0x55e375a9bb20 (12 bytes)
1739903459.582612 sending message 112 to peer 0x55e375a9bb20 (12 bytes)
1739903459.582614 sending message 112 to peer 0x55e375a9bb20 (10 bytes)
1739903459.582617 sending message 112 to peer 0x55e375a9bb20 (10 bytes)
1739903459.582619 sending message 112 to peer 0x55e375a9bb20 (10 bytes)
1739903459.582621 sending message 112 to peer 0x55e375a9bb20 (12 bytes)
1739903459.582624 sending message 112 to peer 0x55e375a9bb20 (13 bytes)
1739903459.582626 sending message 112 to peer 0x55e375a9bb20 (13 bytes)
1739903459.582629 sending message 112 to peer 0x55e375a9bb20 (13 bytes)
1739903459.582631 sending message 112 to peer 0x55e375a9bb20 (13 bytes)
1739903459.582634 sending message 112 to peer 0x55e375a9bb20 (13 bytes)
1739903459.582636 sending message 112 to peer 0x55e375a9bb20 (10 bytes)
1739903459.582639 sending message 112 to peer 0x55e375a9bb20 (11 bytes)
1739903459.582641 sending message 112 to peer 0x55e375a9bb20 (12 bytes)
1739903459.582644 sending message 112 to peer 0x55e375a9bb20 (12 bytes)
1739903459.582646 sending message 112 to peer 0x55e375a9bb20 (12 bytes)
1739903459.582649 sending message 112 to peer 0x55e375a9bb20 (12 bytes)
1739903459.582651 sending message 112 to peer 0x55e375a9bb20 (12 bytes)
1739903459.582653 sending message 112 to peer 0x55e375a9bb20 (11 bytes)
1739903459.582656 sending message 112 to peer 0x55e375a9bb20 (12 bytes)
1739903459.582658 sending message 112 to peer 0x55e375a9bb20 (12 bytes)
1739903459.582660 sending message 112 to peer 0x55e375a9bb20 (13 bytes)
1739903459.582663 sending message 112 to peer 0x55e375a9bb20 (13 bytes)
1739903459.582665 sending message 112 to peer 0x55e375a9bb20 (13 bytes)
1739903459.582668 sending message 112 to peer 0x55e375a9bb20 (13 bytes)
1739903459.582670 sending message 112 to peer 0x55e375a9bb20 (13 bytes)
1739903459.582673 sending message 112 to peer 0x55e375a9bb20 (10 bytes)
1739903459.582675 sending message 112 to peer 0x55e375a9bb20 (9 bytes)
1739903459.582678 sending message 112 to peer 0x55e375a9bb20 (12 bytes)
1739903459.582680 sending message 112 to peer 0x55e375a9bb20 (13 bytes)
1739903459.582683 sending message 112 to peer 0x55e375a9bb20 (13 bytes)
1739903459.582687 sending message 112 to peer 0x55e375a9bb20 (13 bytes)
1739903459.582690 sending message 112 to peer 0x55e375a9bb20 (13 bytes)
1739903459.582692 sending message 112 to peer 0x55e375a9bb20 (13 bytes)
1739903459.582695 sending message 112 to peer 0x55e375a9bb20 (9 bytes)
1739903459.582697 sending message 112 to peer 0x55e375a9bb20 (12 bytes)
1739903459.582700 sending message 112 to peer 0x55e375a9bb20 (13 bytes)
1739903459.582702 sending message 112 to peer 0x55e375a9bb20 (13 bytes)
1739903459.582704 sending message 112 to peer 0x55e375a9bb20 (13 bytes)
1739903459.582707 sending message 112 to peer 0x55e375a9bb20 (13 bytes)
1739903459.582709 sending message 112 to peer 0x55e375a9bb20 (13 bytes)
1739903459.582712 sending message 112 to peer 0x55e375a9bb20 (11 bytes)
1739903459.582714 sending message 112 to peer 0x55e375a9bb20 (12 bytes)
1739903459.582717 sending message 112 to peer 0x55e375a9bb20 (13 bytes)
1739903459.582719 sending message 112 to peer 0x55e375a9bb20 (13 bytes)
1739903459.582722 sending message 112 to peer 0x55e375a9bb20 (13 bytes)
1739903459.582724 sending message 112 to peer 0x55e375a9bb20 (13 bytes)
1739903459.582727 sending message 112 to peer 0x55e375a9bb20 (13 bytes)
1739903459.582730 sending message 112 to peer 0x55e375a9bb20 (11 bytes)
1739903459.582732 sending message 112 to peer 0x55e375a9bb20 (12 bytes)
1739903459.582735 sending message 112 to peer 0x55e375a9bb20 (12 bytes)
1739903459.582738 sending message 112 to peer 0x55e375a9bb20 (12 bytes)
1739903459.582740 sending message 112 to peer 0x55e375a9bb20 (12 bytes)
1739903459.582743 sending message 112 to peer 0x55e375a9bb20 (12 bytes)
1739903459.582745 sending message 112 to peer 0x55e375a9bb20 (21 bytes)
1739903459.582748 sending message 112 to peer 0x55e375a9bb20 (12 bytes)
1739903459.582750 sending message 112 to peer 0x55e375a9bb20 (9 bytes)
1739903459.582753 sending message 112 to peer 0x55e375a9bb20 (6 bytes)
1739903459.582756 sending message 112 to peer 0x55e375a9bb20 (13 bytes)
1739903459.582758 sending message 112 to peer 0x55e375a9bb20 (10 bytes)
1739903459.582761 sending message 112 to peer 0x55e375a9bb20 (24 bytes)
1739903459.582763 sending message 112 to peer 0x55e375a9bb20 (13 bytes)
1739903459.582766 sending message 112 to peer 0x55e375a9bb20 (9 bytes)
1739903459.582768 sending message 112 to peer 0x55e375a9bb20 (70 bytes)
1739903459.582771 sending message 112 to peer 0x55e375a9bb20 (69 bytes)
1739903459.582773 sending message 112 to peer 0x55e375a9bb20 (12 bytes)
1739903459.582776 sending message 112 to peer 0x55e375a9bb20 (10 bytes)
1739903459.582778 sending message 112 to peer 0x55e375a9bb20 (10 bytes)
1739903459.582781 sending message 112 to peer 0x55e375a9bb20 (24 bytes)
1739903459.582783 sending message 112 to peer 0x55e375a9bb20 (13 bytes)
1739903459.582786 sending message 112 to peer 0x55e375a9bb20 (10 bytes)
1739903459.582789 sending message 112 to peer 0x55e375a9bb20 (10 bytes)
1739903459.582792 sending message 112 to peer 0x55e375a9bb20 (10 bytes)
1739903459.582794 sending message 112 to peer 0x55e375a9bb20 (13 bytes)
1739903459.582797 sending message 112 to peer 0x55e375a9bb20 (15 bytes)
1739903459.582800 sending message 112 to peer 0x55e375a9bb20 (5 bytes)
1739903459.582803 sending message 104 to peer 0x55e375a9bb20 (0 bytes)
1739903459.582806 sending message 110 to peer 0x55e375a9bb20 (0 bytes)
1739903459.582809 sending message 107 to peer 0x55e375a9bb20 (4 bytes)
1739903459.582812 sending message 105 to peer 0x55e375a9bb20 (16 bytes)
1739903459.582814 sending message 105 to peer 0x55e375a9bb20 (24 bytes)
1739903459.582817 sending message 105 to peer 0x55e375a9bb20 (23 bytes)
1739903459.582819 sending message 105 to peer 0x55e375a9bb20 (48 bytes)
1739903459.582822 sending message 105 to peer 0x55e375a9bb20 (14 bytes)
1739903459.582824 sending message 105 to peer 0x55e375a9bb20 (40 bytes)
1739903459.582827 sending message 105 to peer 0x55e375a9bb20 (14 bytes)
1739903459.582829 sending message 105 to peer 0x55e375a9bb20 (17 bytes)
1739903459.582832 sending message 105 to peer 0x55e375a9bb20 (13 bytes)
1739903459.582837 sending message 105 to peer 0x55e375a9bb20 (33 bytes)
1739903459.582840 sending message 105 to peer 0x55e375a9bb20 (1817 bytes)
1739903459.582850 sending message 105 to peer 0x55e375a9bb20 (26 bytes)
1739903459.582853 sending message 105 to peer 0x55e375a9bb20 (34 bytes)
1739903459.582856 sending message 105 to peer 0x55e375a9bb20 (20 bytes)
1739903459.582858 sending message 105 to peer 0x55e375a9bb20 (32 bytes)
1739903459.582861 sending message 105 to peer 0x55e375a9bb20 (11 bytes)
1739903459.582863 sending message 105 to peer 0x55e375a9bb20 (11 bytes)
1739903459.582866 sending message 105 to peer 0x55e375a9bb20 (8 bytes)
1739903459.582868 sending message 105 to peer 0x55e375a9bb20 (32 bytes)
1739903459.582871 sending message 105 to peer 0x55e375a9bb20 (33 bytes)
1739903459.582873 sending message 105 to peer 0x55e375a9bb20 (65 bytes)
1739903459.582876 sending message 105 to peer 0x55e375a9bb20 (1631 bytes)
1739903459.582879 sending message 105 to peer 0x55e375a9bb20 (54 bytes)
1739903459.582882 sending message 105 to peer 0x55e375a9bb20 (16 bytes)
1739903459.582884 sending message 105 to peer 0x55e375a9bb20 (40 bytes)
1739903459.582887 sending message 105 to peer 0x55e375a9bb20 (53 bytes)
1739903459.582889 sending message 105 to peer 0x55e375a9bb20 (38 bytes)
1739903459.582892 sending message 105 to peer 0x55e375a9bb20 (16 bytes)
1739903459.582895 sending message 106 to peer 0x55e375a9bb20 (0 bytes)
1739903459.582969 sending message 200 to peer 0x55e375a9bb20 (4 bytes)
1739903459.582972 client loop enter
1739903459.582985 client_signal: Child exited
1739903459.618615 peer 0x55e375a9bb20 message 207
1739903459.618623 sending message 208 to peer 0x55e375a9bb20 (0 bytes)
1739903469.713434 peer 0x55e375a9bb20 message 203
1739903469.713448 sending message 205 to peer 0x55e375a9bb20 (0 bytes)
1739903469.713743 peer 0x55e375a9bb20 message 204
1739903469.713749 client loop exit
